<?xml version="1.0" encoding="UTF-8"?>
<!-- Generated by org.testng.reporters.JUnitReportReporter -->
<testsuite hostname="PriyaPapa" failures="0" tests="5" name="com.orangehrm.testscripts.LoginPageTest" time="45.344" errors="0" timestamp="2023-07-16T15:53:14 IST" skipped="0">
  <testcase classname="com.orangehrm.testscripts.LoginPageTest" name="verifyLoginFunctionality_ValidUsernameAndPassword_2" time="8.500"/>
  <system-out/>
  <testcase classname="com.orangehrm.testscripts.LoginPageTest" name="verifyLoginFunctionality_InvalidUsernameAndPasswordAsBlank" time="15.775"/>
  <system-out/>
  <testcase classname="com.orangehrm.testscripts.LoginPageTest" name="verifyLoginFunctionality_ValidUsernameAndPassword_3" time="7.297"/>
  <system-out/>
  <testcase classname="com.orangehrm.testscripts.LoginPageTest" name="verifyLoginFunctionality_UsernameAndPasswordAsBlank" time="6.212"/>
  <system-out/>
  <testcase classname="com.orangehrm.testscripts.LoginPageTest" name="verifyLoginFunctionality_ValidUsernameAndPassword" time="7.560"/>
  <system-out/>
</testsuite> <!-- com.orangehrm.testscripts.LoginPageTest -->
